<?xml version="1.0" encoding="UTF-8"?>
<!-- Generated by org.testng.reporters.JUnitXMLReporter -->
<testsuite ignored="0" hostname="Active34" failures="0" tests="4" name="Default test" time="5.708" errors="0" timestamp="2025-06-24T18:22:46 IST">
  <testcase classname="Login_access.login_token_access" name="Loginaccess_token" time="3.496"/>
  <testcase classname="API.Test.miniclub_Test" name="list_miniclub" time="0.671"/>
  <testcase classname="API.Test.miniclub_Test" name="get_miniclubdetails" time="0.58"/>
  <testcase classname="API.Test.miniclub_Test" name="update_miniclub" time="0.892"/>
</testsuite> <!-- Default test -->
