<?xml version="1.0" encoding="UTF-8"?>
<testng-results ignored="0" total="2" passed="2" failed="0" skipped="0">
  <reporter-output>
  </reporter-output>
  <suite started-at="2025-07-03T18:26:10 IST" name="Default suite" finished-at="2025-07-03T18:26:15 IST" duration-ms="4064">
    <groups>
    </groups>
    <test started-at="2025-07-03T18:26:10 IST" name="Default test" finished-at="2025-07-03T18:26:15 IST" duration-ms="4064">
      <class name="API.Test.member_Test">
        <test-method signature="Loginaccess_token()[pri:0, instance:API.Test.member_Test@61230f6a]" started-at="2025-07-03T18:26:11 IST" name="Loginaccess_token" finished-at="2025-07-03T18:26:14 IST" duration-ms="3343" status="PASS">
          <reporter-output>
          </reporter-output>
        </test-method> <!-- Loginaccess_token -->
        <test-method signature="Testlistofmember()[pri:1, instance:API.Test.member_Test@61230f6a]" started-at="2025-07-03T18:26:14 IST" name="Testlistofmember" finished-at="2025-07-03T18:26:15 IST" duration-ms="641" status="PASS">
          <reporter-output>
          </reporter-output>
        </test-method> <!-- Testlistofmember -->
      </class> <!-- API.Test.member_Test -->
    </test> <!-- Default test -->
  </suite> <!-- Default suite -->
</testng-results>
