<?xml version="1.0" encoding="UTF-8"?>
<testng-results ignored="0" total="2" passed="2" failed="0" skipped="0">
  <reporter-output>
  </reporter-output>
  <suite started-at="2025-07-01T18:17:03 IST" name="Default suite" finished-at="2025-07-01T18:17:08 IST" duration-ms="4576">
    <groups>
    </groups>
    <test started-at="2025-07-01T18:17:03 IST" name="Default test" finished-at="2025-07-01T18:17:08 IST" duration-ms="4576">
      <class name="API.Test.member_Test">
        <test-method signature="Loginaccess_token()[pri:0, instance:API.Test.member_Test@61230f6a]" started-at="2025-07-01T18:17:03 IST" name="Loginaccess_token" finished-at="2025-07-01T18:17:07 IST" duration-ms="3789" status="PASS">
          <reporter-output>
          </reporter-output>
        </test-method> <!-- Loginaccess_token -->
        <test-method signature="Testupdatemember()[pri:3, instance:API.Test.member_Test@61230f6a]" started-at="2025-07-01T18:17:07 IST" name="Testupdatemember" finished-at="2025-07-01T18:17:08 IST" duration-ms="695" status="PASS">
          <reporter-output>
          </reporter-output>
        </test-method> <!-- Testupdatemember -->
      </class> <!-- API.Test.member_Test -->
    </test> <!-- Default test -->
  </suite> <!-- Default suite -->
</testng-results>
